{"C:\\Users\\Валери\\credit-card-validator\\src\\cardSystems.js": {"path":"C:\\Users\\Валери\\credit-card-validator\\src\\cardSystems.js","statementMap":{"0":{"start":{"line":1,"column":20},"end":{"line":22,"column":1}},"1":{"start":{"line":25,"column":21},"end":{"line":25,"column":34}},"2":{"start":{"line":27,"column":2},"end":{"line":29,"column":3}},"3":{"start":{"line":28,"column":4},"end":{"line":28,"column":16}},"4":{"start":{"line":31,"column":16},"end":{"line":31,"column":48}},"5":{"start":{"line":32,"column":17},"end":{"line":32,"column":69}},"6":{"start":{"line":32,"column":44},"end":{"line":32,"column":68}},"7":{"start":{"line":33,"column":2},"end":{"line":33,"column":37}}},"fnMap":{"0":{"name":"detectPaymentSystem","decl":{"start":{"line":24,"column":16},"end":{"line":24,"column":35}},"loc":{"start":{"line":24,"column":44},"end":{"line":34,"column":1}},"line":24},"1":{"name":"(anonymous_1)","decl":{"start":{"line":32,"column":34},"end":{"line":32,"column":35}},"loc":{"start":{"line":32,"column":44},"end":{"line":32,"column":68}},"line":32}},"branchMap":{"0":{"loc":{"start":{"line":27,"column":2},"end":{"line":29,"column":3}},"type":"if","locations":[{"start":{"line":27,"column":2},"end":{"line":29,"column":3}},{"start":{},"end":{}}],"line":27},"1":{"loc":{"start":{"line":33,"column":9},"end":{"line":33,"column":36}},"type":"cond-expr","locations":[{"start":{"line":33,"column":18},"end":{"line":33,"column":29}},{"start":{"line":33,"column":32},"end":{"line":33,"column":36}}],"line":33}},"s":{"0":1,"1":8,"2":8,"3":2,"4":6,"5":6,"6":20,"7":6},"f":{"0":8,"1":20},"b":{"0":[2,6],"1":[5,1]},"_coverageSchema":"1a1c01bbd47fc00a2c39e90264f33305004495a9","hash":"f720351c59849811359686d6d625acff8a011513"}
,"C:\\Users\\Валери\\credit-card-validator\\src\\luhn.js": {"path":"C:\\Users\\Валери\\credit-card-validator\\src\\luhn.js","statementMap":{"0":{"start":{"line":2,"column":21},"end":{"line":2,"column":34}},"1":{"start":{"line":4,"column":2},"end":{"line":6,"column":3}},"2":{"start":{"line":5,"column":4},"end":{"line":5,"column":17}},"3":{"start":{"line":8,"column":16},"end":{"line":8,"column":48}},"4":{"start":{"line":10,"column":2},"end":{"line":12,"column":3}},"5":{"start":{"line":11,"column":4},"end":{"line":11,"column":17}},"6":{"start":{"line":14,"column":12},"end":{"line":14,"column":13}},"7":{"start":{"line":15,"column":17},"end":{"line":15,"column":22}},"8":{"start":{"line":17,"column":2},"end":{"line":29,"column":3}},"9":{"start":{"line":17,"column":15},"end":{"line":17,"column":31}},"10":{"start":{"line":18,"column":16},"end":{"line":18,"column":32}},"11":{"start":{"line":20,"column":4},"end":{"line":25,"column":5}},"12":{"start":{"line":21,"column":6},"end":{"line":21,"column":17}},"13":{"start":{"line":22,"column":6},"end":{"line":24,"column":7}},"14":{"start":{"line":23,"column":8},"end":{"line":23,"column":19}},"15":{"start":{"line":27,"column":4},"end":{"line":27,"column":17}},"16":{"start":{"line":28,"column":4},"end":{"line":28,"column":25}},"17":{"start":{"line":31,"column":2},"end":{"line":31,"column":24}}},"fnMap":{"0":{"name":"isValidCardNumber","decl":{"start":{"line":1,"column":9},"end":{"line":1,"column":26}},"loc":{"start":{"line":1,"column":35},"end":{"line":32,"column":1}},"line":1}},"branchMap":{"0":{"loc":{"start":{"line":4,"column":2},"end":{"line":6,"column":3}},"type":"if","locations":[{"start":{"line":4,"column":2},"end":{"line":6,"column":3}},{"start":{},"end":{}}],"line":4},"1":{"loc":{"start":{"line":10,"column":2},"end":{"line":12,"column":3}},"type":"if","locations":[{"start":{"line":10,"column":2},"end":{"line":12,"column":3}},{"start":{},"end":{}}],"line":10},"2":{"loc":{"start":{"line":10,"column":6},"end":{"line":10,"column":44}},"type":"binary-expr","locations":[{"start":{"line":10,"column":6},"end":{"line":10,"column":23}},{"start":{"line":10,"column":27},"end":{"line":10,"column":44}}],"line":10},"3":{"loc":{"start":{"line":20,"column":4},"end":{"line":25,"column":5}},"type":"if","locations":[{"start":{"line":20,"column":4},"end":{"line":25,"column":5}},{"start":{},"end":{}}],"line":20},"4":{"loc":{"start":{"line":22,"column":6},"end":{"line":24,"column":7}},"type":"if","locations":[{"start":{"line":22,"column":6},"end":{"line":24,"column":7}},{"start":{},"end":{}}],"line":22}},"s":{"0":12,"1":12,"2":3,"3":9,"4":9,"5":2,"6":7,"7":7,"8":7,"9":7,"10":111,"11":111,"12":55,"13":55,"14":17,"15":111,"16":111,"17":7},"f":{"0":12},"b":{"0":[3,9],"1":[2,7],"2":[9,8],"3":[55,56],"4":[17,38]},"_coverageSchema":"1a1c01bbd47fc00a2c39e90264f33305004495a9","hash":"29a8b3ca4e0eafd6023543ca4bac1c1146159959"}
}
