TN:
SF:src\cardSystems.js
FN:24,detectPaymentSystem
FN:32,(anonymous_1)
FNF:2
FNH:2
FNDA:8,detectPaymentSystem
FNDA:20,(anonymous_1)
DA:1,1
DA:25,8
DA:27,8
DA:28,2
DA:31,6
DA:32,20
DA:33,6
LF:7
LH:7
BRDA:27,0,0,2
BRDA:27,0,1,6
BRDA:33,1,0,5
BRDA:33,1,1,1
BRF:4
BRH:4
end_of_record
TN:
SF:src\luhn.js
FN:1,isValidCardNumber
FNF:1
FNH:1
FNDA:12,isValidCardNumber
DA:2,12
DA:4,12
DA:5,3
DA:8,9
DA:10,9
DA:11,2
DA:14,7
DA:15,7
DA:17,7
DA:18,111
DA:20,111
DA:21,55
DA:22,55
DA:23,17
DA:27,111
DA:28,111
DA:31,7
LF:17
LH:17
BRDA:4,0,0,3
BRDA:4,0,1,9
BRDA:10,1,0,2
BRDA:10,1,1,7
BRDA:10,2,0,9
BRDA:10,2,1,8
BRDA:20,3,0,55
BRDA:20,3,1,56
BRDA:22,4,0,17
BRDA:22,4,1,38
BRF:10
BRH:10
end_of_record
